<?xml version="1.0" encoding="UTF-8"?>
<!-- Generated by org.testng.reporters.JUnitXMLReporter -->
<testsuite hostname="DESKTOP-26O85S9" ignored="0" name="Test" tests="3" failures="2" timestamp="15 Nov 2017 12:02:59 GMT" time="61.929" errors="0">
  <testcase name="testVersion" time="1.086" classname="com.actitime.test.VerifyVersionTest">
    <failure type="java.lang.AssertionError" message="expected [actiTIME 2017.4] but found []">
      <![CDATA[java.lang.AssertionError: expected [actiTIME 2017.4] but found []
	at com.actitime.page.LoginPage.verifyVersion(LoginPage.java:62)
	at com.actitime.test.VerifyVersionTest.testVersion(VerifyVersionTest.java:26)
... Removed 31 stack frames]]>
    </failure>
  </testcase> <!-- testVersion -->
  <testcase name="testValidLogin" time="10.641" classname="com.actitime.test.ValidLoginTest">
    <failure type="java.lang.AssertionError" message="null">
      <![CDATA[java.lang.AssertionError: null
	at com.actitime.generic.BasePage.verifyTitle(BasePage.java:33)
	at com.actitime.page.LoginPage.verifyingTitle(LoginPage.java:57)
	at com.actitime.test.ValidLoginTest.testValidLogin(ValidLoginTest.java:46)
... Removed 27 stack frames]]>
    </failure>
  </testcase> <!-- testValidLogin -->
  <testcase name="testInvalidLogin" time="2.834" classname="com.actitime.test.InValidLoginTest"/>
</testsuite> <!-- Test -->
