<!DOCTYPE html PUBLIC "-//W3C//DTD XHTML 1.1//EN" "http://www.w3.org/TR/xhtml11/DTD/xhtml11.dtd">
<html xmlns="http://www.w3.org/1999/xhtml">
<head>
<meta http-equiv="content-type" content="text/html; charset=UTF-8"/>
<title>TestNG Report</title>
<style type="text/css">table {margin-bottom:10px;border-collapse:collapse;empty-cells:show}th,td {border:1px solid #009;padding:.25em .5em}th {vertical-align:bottom}td {vertical-align:top}table a {font-weight:bold}.stripe td {background-color: #E6EBF9}.num {text-align:right}.passedodd td {background-color: #3F3}.passedeven td {background-color: #0A0}.skippedodd td {background-color: #DDD}.skippedeven td {background-color: #CCC}.failedodd td,.attn {background-color: #F33}.failedeven td,.stripe .attn {background-color: #D00}.stacktrace {white-space:pre;font-family:monospace}.totop {font-size:85%;text-align:center;border-bottom:2px solid #000}.invisible {display:none}</style>
</head>
<body>
<table>
<tr><th>Test</th><th># Passed</th><th># Skipped</th><th># Failed</th><th>Time (ms)</th><th>Included Groups</th><th>Excluded Groups</th></tr>
<tr><th colspan="7">Suite</th></tr>
<tr><td><a href="#t0">Test</a></td><td class="num">1</td><td class="num">0</td><td class="num attn">2</td><td class="num">61,929</td><td></td><td></td></tr>
</table>
<table id='summary'><thead><tr><th>Class</th><th>Method</th><th>Start</th><th>Time (ms)</th></tr></thead><tbody><tr><th colspan="4">Suite</th></tr></tbody><tbody id="t0"><tr><th colspan="4">Test &#8212; failed</th></tr><tr class="failedeven"><td rowspan="1">com.actitime.test.ValidLoginTest</td><td><a href="#m0">testValidLogin</a></td><td rowspan="1">1510747349447</td><td rowspan="1">10641</td></tr><tr class="failedodd"><td rowspan="1">com.actitime.test.VerifyVersionTest</td><td><a href="#m1">testVersion</a></td><td rowspan="1">1510747333886</td><td rowspan="1">1086</td></tr><tr><th colspan="4">Test &#8212; passed</th></tr><tr class="passedeven"><td rowspan="1">com.actitime.test.InValidLoginTest</td><td><a href="#m2">testInvalidLogin</a></td><td rowspan="1">1510747374191</td><td rowspan="1">2834</td></tr></tbody>
</table>
<h2>Test</h2><h3 id="m0">com.actitime.test.ValidLoginTest#testValidLogin</h3><table class="result"><tr><th>Messages</th></tr><tr><td><div class="messages">Title is matching :actiTIME - Login<br/>Title is not matching:actiTIME - Enter Time- Track</div></td></tr><tr><th>Exception</th></tr><tr><td><div class="stacktrace">java.lang.AssertionError: null
	at com.actitime.generic.BasePage.verifyTitle(BasePage.java:33)
	at com.actitime.page.LoginPage.verifyingTitle(LoginPage.java:57)
	at com.actitime.test.ValidLoginTest.testValidLogin(ValidLoginTest.java:46)
... Removed 27 stack frames</div></td></tr></table><p class="totop"><a href="#summary">back to summary</a></p>
<h3 id="m1">com.actitime.test.VerifyVersionTest#testVersion</h3><table class="result"><tr><th>Messages</th></tr><tr><td><div class="messages">Title is matching :actiTIME - Login</div></td></tr><tr><th>Exception</th></tr><tr><td><div class="stacktrace">java.lang.AssertionError: expected [actiTIME 2017.4] but found []
	at com.actitime.page.LoginPage.verifyVersion(LoginPage.java:62)
	at com.actitime.test.VerifyVersionTest.testVersion(VerifyVersionTest.java:26)
... Removed 31 stack frames</div></td></tr></table><p class="totop"><a href="#summary">back to summary</a></p>
<h3 id="m2">com.actitime.test.InValidLoginTest#testInvalidLogin</h3><table class="result"><tr><th>Messages</th></tr><tr><td><div class="messages">Title is matching :actiTIME - Login<br/>element is matching : Username or Password is invalid. Please try again.</div></td></tr></table><p class="totop"><a href="#summary">back to summary</a></p>
</body>
</html>
